Using pre-set license
Built from '2020.3/staging' branch; Version is '2020.3.10f1 (297d780c91bc) revision 2719096'; Using compiler version '192528614'; Build Type 'Release'
OS: 'Windows 10 Home; OS build 19044.1645; Version 2009; 64bit' Language: 'ja' Physical Memory: 15789 MB
BatchMode: 1, IsHumanControllingUs: 0, StartBugReporterOnCrash: 0, Is64bit: 1, IsPro: 0

 COMMAND LINE ARGUMENTS:
C:\Program Files\Unity\Hub\Editor\2020.3.10f1\Editor\Unity.exe
-adb2
-batchMode
-noUpm
-name
AssetImportWorker0
-projectPath
D:/作業ファイル/Unity/Guilty_Clock01
-logFile
Logs/AssetImportWorker0.log
-srvPort
50990
Successfully changed project path to: D:/作業ファイル/Unity/Guilty_Clock01
D:/作業ファイル/Unity/Guilty_Clock01
Using Asset Import Pipeline V2.
Refreshing native plugins compatible for Editor in 26.87 ms, found 2 plugins.
Preloading 0 native plugins for Editor in 0.00 ms.
Initialize engine version: 2020.3.10f1 (297d780c91bc)
[Subsystems] Discovering subsystems at path C:/Program Files/Unity/Hub/Editor/2020.3.10f1/Editor/Data/Resources/UnitySubsystems
[Subsystems] Discovering subsystems at path D:/作業ファイル/Unity/Guilty_Clock01/Assets
GfxDevice: creating device client; threaded=0
Direct3D:
    Version:  Direct3D 11.0 [level 11.1]
    Renderer: NVIDIA GeForce RTX 2060 (ID=0x1f15)
    Vendor:   
    VRAM:     5980 MB
    Driver:   30.0.15.1169
Initialize mono
Mono path[0] = 'C:/Program Files/Unity/Hub/Editor/2020.3.10f1/Editor/Data/Managed'
Mono path[1] = 'C:/Program Files/Unity/Hub/Editor/2020.3.10f1/Editor/Data/MonoBleedingEdge/lib/mono/unityjit'
Mono config path = 'C:/Program Files/Unity/Hub/Editor/2020.3.10f1/Editor/Data/MonoBleedingEdge/etc'
Using monoOptions --debugger-agent=transport=dt_socket,embedding=1,server=y,suspend=n,address=127.0.0.1:56328
Begin MonoManager ReloadAssembly
Registering precompiled unity dll's ...
Register platform support module: C:/Program Files/Unity/Hub/Editor/2020.3.10f1/Editor/Data/PlaybackEngines/WindowsStandaloneSupport/UnityEditor.WindowsStandalone.Extensions.dll
Registered in 0.001853 seconds.
Native extension for WindowsStandalone target not found
Refreshing native plugins compatible for Editor in 26.73 ms, found 2 plugins.
Preloading 0 native plugins for Editor in 0.00 ms.
Mono: successfully reloaded assembly
- Completed reload, in  1.588 seconds
Platform modules already initialized, skipping
Registering precompiled user dll's ...
Registered in 0.003331 seconds.
Begin MonoManager ReloadAssembly
Native extension for WindowsStandalone target not found
Refreshing native plugins compatible for Editor in 0.32 ms, found 2 plugins.
Preloading 0 native plugins for Editor in 0.00 ms.
Mono: successfully reloaded assembly
- Completed reload, in  0.868 seconds
Platform modules already initialized, skipping
========================================================================
Worker process is ready to serve import requests
Launched and connected shader compiler UnityShaderCompiler.exe after 0.05 seconds
Refreshing native plugins compatible for Editor in 0.33 ms, found 2 plugins.
Preloading 0 native plugins for Editor in 0.00 ms.
Unloading 1575 Unused Serialized files (Serialized files now loaded: 0)
System memory in use before: 83.7 MB.
System memory in use after: 83.7 MB.

Unloading 20 unused Assets to reduce memory usage. Loaded Objects now: 2026.
Total: 2.249400 ms (FindLiveObjects: 0.228900 ms CreateObjectMapping: 0.068800 ms MarkObjects: 1.861100 ms  DeleteObjects: 0.088300 ms)

========================================================================
Received Import Request.
  path: Assets/Script/EnemyData1.asset
  artifactKey: Guid(5e94b3a9c6f83c648ac30ec9fffb66d2) Importer(815301076,1909f56bfc062723c751e8b465ee728b)
Start importing Assets/Script/EnemyData1.asset using Guid(5e94b3a9c6f83c648ac30ec9fffb66d2) Importer(815301076,1909f56bfc062723c751e8b465ee728b)  -> (artifact id: '02487f3e46b3388206fde99ef88eb10e') in 0.122964 seconds
  Import took 0.126370 seconds .

========================================================================
Received Import Request.
  Time since last request: 0.000347 seconds.
  path: Assets/Script/PlayerStatus.cs
  artifactKey: Guid(3c62d25600061a541892d759bd8e2d60) Importer(815301076,1909f56bfc062723c751e8b465ee728b)
Start importing Assets/Script/PlayerStatus.cs using Guid(3c62d25600061a541892d759bd8e2d60) Importer(815301076,1909f56bfc062723c751e8b465ee728b)  -> (artifact id: 'e478c30e79deb6a713e1db93260726f7') in 0.093867 seconds
  Import took 0.097915 seconds .

========================================================================
Received Prepare
Registering precompiled user dll's ...
Registered in 0.003207 seconds.
Begin MonoManager ReloadAssembly
Native extension for WindowsStandalone target not found
Refreshing native plugins compatible for Editor in 0.34 ms, found 2 plugins.
Preloading 0 native plugins for Editor in 0.00 ms.
Mono: successfully reloaded assembly
- Completed reload, in  0.811 seconds
Platform modules already initialized, skipping
Refreshing native plugins compatible for Editor in 0.32 ms, found 2 plugins.
Preloading 0 native plugins for Editor in 0.00 ms.
Unloading 1568 Unused Serialized files (Serialized files now loaded: 0)
System memory in use before: 83.5 MB.
System memory in use after: 83.5 MB.

Unloading 15 unused Assets to reduce memory usage. Loaded Objects now: 2029.
Total: 2.650900 ms (FindLiveObjects: 0.218700 ms CreateObjectMapping: 0.068300 ms MarkObjects: 2.300700 ms  DeleteObjects: 0.061600 ms)

========================================================================
Received Import Request.
  Time since last request: 138.602469 seconds.
  path: Assets/Script/FixChildRotation.cs
  artifactKey: Guid(e3624494a15e88148824058966a0fda5) Importer(815301076,1909f56bfc062723c751e8b465ee728b)
Start importing Assets/Script/FixChildRotation.cs using Guid(e3624494a15e88148824058966a0fda5) Importer(815301076,1909f56bfc062723c751e8b465ee728b)  -> (artifact id: '9d78f142bff87d5290e2a2006ca5121e') in 0.100224 seconds
  Import took 0.103047 seconds .

========================================================================
Received Import Request.
  Time since last request: 1397.914059 seconds.
  path: Assets/Script/PlayerStatus.cs
  artifactKey: Guid(3c62d25600061a541892d759bd8e2d60) Importer(815301076,1909f56bfc062723c751e8b465ee728b)
Start importing Assets/Script/PlayerStatus.cs using Guid(3c62d25600061a541892d759bd8e2d60) Importer(815301076,1909f56bfc062723c751e8b465ee728b)  -> (artifact id: '698237f9d4136b1369d77cde63c39c2b') in 0.063055 seconds
  Import took 0.066646 seconds .

========================================================================
Received Prepare
Registering precompiled user dll's ...
Registered in 0.003161 seconds.
Begin MonoManager ReloadAssembly
Native extension for WindowsStandalone target not found
Refreshing native plugins compatible for Editor in 0.36 ms, found 2 plugins.
Preloading 0 native plugins for Editor in 0.00 ms.
Mono: successfully reloaded assembly
- Completed reload, in  0.808 seconds
Platform modules already initialized, skipping
Refreshing native plugins compatible for Editor in 0.34 ms, found 2 plugins.
Preloading 0 native plugins for Editor in 0.00 ms.
Unloading 1568 Unused Serialized files (Serialized files now loaded: 0)
System memory in use before: 83.5 MB.
System memory in use after: 83.6 MB.

Unloading 15 unused Assets to reduce memory usage. Loaded Objects now: 2032.
Total: 2.391700 ms (FindLiveObjects: 0.224300 ms CreateObjectMapping: 0.068400 ms MarkObjects: 2.034100 ms  DeleteObjects: 0.063200 ms)

========================================================================
Received Prepare
Registering precompiled user dll's ...
Registered in 0.003230 seconds.
Begin MonoManager ReloadAssembly
Native extension for WindowsStandalone target not found
Refreshing native plugins compatible for Editor in 0.34 ms, found 2 plugins.
Preloading 0 native plugins for Editor in 0.00 ms.
Mono: successfully reloaded assembly
- Completed reload, in  0.799 seconds
Platform modules already initialized, skipping
Refreshing native plugins compatible for Editor in 0.32 ms, found 2 plugins.
Preloading 0 native plugins for Editor in 0.00 ms.
Unloading 1568 Unused Serialized files (Serialized files now loaded: 0)
System memory in use before: 83.5 MB.
System memory in use after: 83.6 MB.

Unloading 15 unused Assets to reduce memory usage. Loaded Objects now: 2035.
Total: 2.379800 ms (FindLiveObjects: 0.216200 ms CreateObjectMapping: 0.067900 ms MarkObjects: 2.029300 ms  DeleteObjects: 0.064700 ms)

========================================================================
Received Prepare
Registering precompiled user dll's ...
Registered in 0.003404 seconds.
Begin MonoManager ReloadAssembly
Native extension for WindowsStandalone target not found
Refreshing native plugins compatible for Editor in 0.39 ms, found 2 plugins.
Preloading 0 native plugins for Editor in 0.00 ms.
Mono: successfully reloaded assembly
- Completed reload, in  0.801 seconds
Platform modules already initialized, skipping
Refreshing native plugins compatible for Editor in 0.32 ms, found 2 plugins.
Preloading 0 native plugins for Editor in 0.00 ms.
Unloading 1568 Unused Serialized files (Serialized files now loaded: 0)
System memory in use before: 83.5 MB.
System memory in use after: 83.6 MB.

Unloading 15 unused Assets to reduce memory usage. Loaded Objects now: 2038.
Total: 2.310300 ms (FindLiveObjects: 0.213800 ms CreateObjectMapping: 0.066100 ms MarkObjects: 1.963100 ms  DeleteObjects: 0.065600 ms)

========================================================================
Received Import Request.
  Time since last request: 150.298632 seconds.
  path: Assets/Script/EnemyStatus.cs
  artifactKey: Guid(22f66aa6fb6504f42a4e45d5a9b5eb0b) Importer(815301076,1909f56bfc062723c751e8b465ee728b)
Start importing Assets/Script/EnemyStatus.cs using Guid(22f66aa6fb6504f42a4e45d5a9b5eb0b) Importer(815301076,1909f56bfc062723c751e8b465ee728b)  -> (artifact id: '7a23e33001004c0d75ea572cc8cc2f02') in 0.111650 seconds
  Import took 0.114922 seconds .

========================================================================
Received Prepare
Registering precompiled user dll's ...
Registered in 0.003264 seconds.
Begin MonoManager ReloadAssembly
Native extension for WindowsStandalone target not found
Refreshing native plugins compatible for Editor in 0.34 ms, found 2 plugins.
Preloading 0 native plugins for Editor in 0.00 ms.
Mono: successfully reloaded assembly
- Completed reload, in  0.835 seconds
Platform modules already initialized, skipping
Refreshing native plugins compatible for Editor in 0.33 ms, found 2 plugins.
Preloading 0 native plugins for Editor in 0.00 ms.
Unloading 1568 Unused Serialized files (Serialized files now loaded: 0)
System memory in use before: 83.5 MB.
System memory in use after: 83.6 MB.

Unloading 15 unused Assets to reduce memory usage. Loaded Objects now: 2041.
Total: 2.756900 ms (FindLiveObjects: 0.340300 ms CreateObjectMapping: 0.109500 ms MarkObjects: 2.238600 ms  DeleteObjects: 0.066900 ms)

========================================================================
Received Prepare
Registering precompiled user dll's ...
Registered in 0.004548 seconds.
Begin MonoManager ReloadAssembly
Native extension for WindowsStandalone target not found
Refreshing native plugins compatible for Editor in 0.33 ms, found 2 plugins.
Preloading 0 native plugins for Editor in 0.00 ms.
Mono: successfully reloaded assembly
- Completed reload, in  0.832 seconds
Platform modules already initialized, skipping
Refreshing native plugins compatible for Editor in 0.34 ms, found 2 plugins.
Preloading 0 native plugins for Editor in 0.00 ms.
Unloading 1568 Unused Serialized files (Serialized files now loaded: 0)
System memory in use before: 83.5 MB.
System memory in use after: 83.6 MB.

Unloading 15 unused Assets to reduce memory usage. Loaded Objects now: 2044.
Total: 2.392400 ms (FindLiveObjects: 0.280800 ms CreateObjectMapping: 0.093500 ms MarkObjects: 1.951300 ms  DeleteObjects: 0.064400 ms)

========================================================================
Received Prepare
Registering precompiled user dll's ...
Registered in 0.003245 seconds.
Begin MonoManager ReloadAssembly
Native extension for WindowsStandalone target not found
Refreshing native plugins compatible for Editor in 0.36 ms, found 2 plugins.
Preloading 0 native plugins for Editor in 0.00 ms.
Mono: successfully reloaded assembly
- Completed reload, in  0.794 seconds
Platform modules already initialized, skipping
Refreshing native plugins compatible for Editor in 0.32 ms, found 2 plugins.
Preloading 0 native plugins for Editor in 0.00 ms.
Unloading 1568 Unused Serialized files (Serialized files now loaded: 0)
System memory in use before: 83.6 MB.
System memory in use after: 83.6 MB.

Unloading 15 unused Assets to reduce memory usage. Loaded Objects now: 2047.
Total: 2.255800 ms (FindLiveObjects: 0.166700 ms CreateObjectMapping: 0.035200 ms MarkObjects: 1.986700 ms  DeleteObjects: 0.066000 ms)

========================================================================
Received Import Request.
  Time since last request: 222.984801 seconds.
  path: Assets/Prefab/Enemy.prefab
  artifactKey: Guid(576540656226eef47a6c1cccccc7135d) Importer(815301076,1909f56bfc062723c751e8b465ee728b)
Start importing Assets/Prefab/Enemy.prefab using Guid(576540656226eef47a6c1cccccc7135d) Importer(815301076,1909f56bfc062723c751e8b465ee728b)  -> (artifact id: 'ffa97118a86227882210cd72e9566db4') in 0.221323 seconds
  Import took 0.224635 seconds .

========================================================================
Received Prepare
Registering precompiled user dll's ...
Registered in 0.003162 seconds.
Begin MonoManager ReloadAssembly
Native extension for WindowsStandalone target not found
Refreshing native plugins compatible for Editor in 0.32 ms, found 2 plugins.
Preloading 0 native plugins for Editor in 0.00 ms.
Mono: successfully reloaded assembly
- Completed reload, in  0.778 seconds
Platform modules already initialized, skipping
Refreshing native plugins compatible for Editor in 0.33 ms, found 2 plugins.
Preloading 0 native plugins for Editor in 0.00 ms.
Unloading 1568 Unused Serialized files (Serialized files now loaded: 0)
System memory in use before: 86.7 MB.
System memory in use after: 86.8 MB.

Unloading 16 unused Assets to reduce memory usage. Loaded Objects now: 2058.
Total: 1.954600 ms (FindLiveObjects: 0.216400 ms CreateObjectMapping: 0.065900 ms MarkObjects: 1.602700 ms  DeleteObjects: 0.067900 ms)

========================================================================
Received Prepare
Registering precompiled user dll's ...
Registered in 0.003112 seconds.
Begin MonoManager ReloadAssembly
Native extension for WindowsStandalone target not found
Refreshing native plugins compatible for Editor in 0.32 ms, found 2 plugins.
Preloading 0 native plugins for Editor in 0.00 ms.
Mono: successfully reloaded assembly
- Completed reload, in  0.820 seconds
Platform modules already initialized, skipping
Refreshing native plugins compatible for Editor in 0.32 ms, found 2 plugins.
Preloading 0 native plugins for Editor in 0.00 ms.
Unloading 1568 Unused Serialized files (Serialized files now loaded: 0)
System memory in use before: 86.7 MB.
System memory in use after: 86.8 MB.

Unloading 15 unused Assets to reduce memory usage. Loaded Objects now: 2061.
Total: 3.394000 ms (FindLiveObjects: 0.223600 ms CreateObjectMapping: 0.067300 ms MarkObjects: 3.037100 ms  DeleteObjects: 0.064300 ms)

========================================================================
Received Import Request.
  Time since last request: 295.190167 seconds.
  path: Assets/Prefab/Enemy.prefab
  artifactKey: Guid(576540656226eef47a6c1cccccc7135d) Importer(815301076,1909f56bfc062723c751e8b465ee728b)
Start importing Assets/Prefab/Enemy.prefab using Guid(576540656226eef47a6c1cccccc7135d) Importer(815301076,1909f56bfc062723c751e8b465ee728b)  -> (artifact id: '5b8d6b0c908469cbc6b187a285216084') in 0.369691 seconds
  Import took 0.372359 seconds .

========================================================================
Received Import Request.
  Time since last request: 1.786139 seconds.
  path: Assets/Prefab/Enemy.prefab
  artifactKey: Guid(576540656226eef47a6c1cccccc7135d) Importer(815301076,1909f56bfc062723c751e8b465ee728b)
Start importing Assets/Prefab/Enemy.prefab using Guid(576540656226eef47a6c1cccccc7135d) Importer(815301076,1909f56bfc062723c751e8b465ee728b)  -> (artifact id: '5b8d6b0c908469cbc6b187a285216084') in 0.135133 seconds
  Import took 0.138747 seconds .

========================================================================
Received Prepare
Registering precompiled user dll's ...
Registered in 0.003615 seconds.
Begin MonoManager ReloadAssembly
Native extension for WindowsStandalone target not found
Refreshing native plugins compatible for Editor in 0.32 ms, found 2 plugins.
Preloading 0 native plugins for Editor in 0.00 ms.
Mono: successfully reloaded assembly
- Completed reload, in  0.790 seconds
Platform modules already initialized, skipping
Refreshing native plugins compatible for Editor in 0.33 ms, found 2 plugins.
Preloading 0 native plugins for Editor in 0.00 ms.
Unloading 1568 Unused Serialized files (Serialized files now loaded: 0)
System memory in use before: 86.7 MB.
System memory in use after: 86.8 MB.

Unloading 16 unused Assets to reduce memory usage. Loaded Objects now: 2065.
Total: 2.022500 ms (FindLiveObjects: 0.224500 ms CreateObjectMapping: 0.067600 ms MarkObjects: 1.660800 ms  DeleteObjects: 0.067800 ms)

========================================================================
Received Prepare
Registering precompiled user dll's ...
Registered in 0.003355 seconds.
Begin MonoManager ReloadAssembly
Native extension for WindowsStandalone target not found
Refreshing native plugins compatible for Editor in 0.33 ms, found 2 plugins.
Preloading 0 native plugins for Editor in 0.00 ms.
Mono: successfully reloaded assembly
- Completed reload, in  0.842 seconds
Platform modules already initialized, skipping
Refreshing native plugins compatible for Editor in 0.33 ms, found 2 plugins.
Preloading 0 native plugins for Editor in 0.00 ms.
Unloading 1568 Unused Serialized files (Serialized files now loaded: 0)
System memory in use before: 86.7 MB.
System memory in use after: 86.8 MB.

Unloading 15 unused Assets to reduce memory usage. Loaded Objects now: 2068.
Total: 2.070400 ms (FindLiveObjects: 0.230500 ms CreateObjectMapping: 0.068900 ms MarkObjects: 1.703900 ms  DeleteObjects: 0.064600 ms)

========================================================================
Received Import Request.
  Time since last request: 61.500216 seconds.
  path: Assets/Script/FixChildRotation.cs
  artifactKey: Guid(e3624494a15e88148824058966a0fda5) Importer(815301076,1909f56bfc062723c751e8b465ee728b)
Start importing Assets/Script/FixChildRotation.cs using Guid(e3624494a15e88148824058966a0fda5) Importer(815301076,1909f56bfc062723c751e8b465ee728b)  -> (artifact id: '49e06b5fc446ac87eaf69c9afe057d02') in 0.097849 seconds
  Import took 0.100773 seconds .

========================================================================
Received Prepare
Registering precompiled user dll's ...
Registered in 0.003087 seconds.
Begin MonoManager ReloadAssembly
Native extension for WindowsStandalone target not found
Refreshing native plugins compatible for Editor in 0.33 ms, found 2 plugins.
Preloading 0 native plugins for Editor in 0.00 ms.
Mono: successfully reloaded assembly
- Completed reload, in  0.794 seconds
Platform modules already initialized, skipping
Refreshing native plugins compatible for Editor in 0.32 ms, found 2 plugins.
Preloading 0 native plugins for Editor in 0.00 ms.
Unloading 1568 Unused Serialized files (Serialized files now loaded: 0)
System memory in use before: 86.7 MB.
System memory in use after: 86.8 MB.

Unloading 15 unused Assets to reduce memory usage. Loaded Objects now: 2071.
Total: 1.908900 ms (FindLiveObjects: 0.217400 ms CreateObjectMapping: 0.067700 ms MarkObjects: 1.558500 ms  DeleteObjects: 0.063600 ms)

========================================================================
Received Import Request.
  Time since last request: 36.423914 seconds.
  path: Assets/Script/EnemyStatus.cs
  artifactKey: Guid(22f66aa6fb6504f42a4e45d5a9b5eb0b) Importer(815301076,1909f56bfc062723c751e8b465ee728b)
Start importing Assets/Script/EnemyStatus.cs using Guid(22f66aa6fb6504f42a4e45d5a9b5eb0b) Importer(815301076,1909f56bfc062723c751e8b465ee728b)  -> (artifact id: '3c34f79d0e5317c618f450d1a4f69ca5') in 0.094989 seconds
  Import took 0.098437 seconds .

========================================================================
Received Prepare
Registering precompiled user dll's ...
Registered in 0.004241 seconds.
Begin MonoManager ReloadAssembly
Native extension for WindowsStandalone target not found
Refreshing native plugins compatible for Editor in 0.36 ms, found 2 plugins.
Preloading 0 native plugins for Editor in 0.00 ms.
Mono: successfully reloaded assembly
- Completed reload, in  0.790 seconds
Platform modules already initialized, skipping
Refreshing native plugins compatible for Editor in 0.33 ms, found 2 plugins.
Preloading 0 native plugins for Editor in 0.00 ms.
Unloading 1568 Unused Serialized files (Serialized files now loaded: 0)
System memory in use before: 86.7 MB.
System memory in use after: 86.8 MB.

Unloading 15 unused Assets to reduce memory usage. Loaded Objects now: 2074.
Total: 2.280000 ms (FindLiveObjects: 0.163900 ms CreateObjectMapping: 0.034600 ms MarkObjects: 2.013000 ms  DeleteObjects: 0.067300 ms)

========================================================================
Received Prepare
Registering precompiled user dll's ...
Registered in 0.003184 seconds.
Begin MonoManager ReloadAssembly
Native extension for WindowsStandalone target not found
Refreshing native plugins compatible for Editor in 0.51 ms, found 2 plugins.
Preloading 0 native plugins for Editor in 0.00 ms.
Mono: successfully reloaded assembly
- Completed reload, in  0.858 seconds
Platform modules already initialized, skipping
Refreshing native plugins compatible for Editor in 0.33 ms, found 2 plugins.
Preloading 0 native plugins for Editor in 0.00 ms.
Unloading 1568 Unused Serialized files (Serialized files now loaded: 0)
System memory in use before: 86.7 MB.
System memory in use after: 86.8 MB.

Unloading 15 unused Assets to reduce memory usage. Loaded Objects now: 2077.
Total: 2.261800 ms (FindLiveObjects: 0.171400 ms CreateObjectMapping: 0.035700 ms MarkObjects: 1.989200 ms  DeleteObjects: 0.064300 ms)

========================================================================
Received Prepare
Registering precompiled user dll's ...
Registered in 0.003704 seconds.
Begin MonoManager ReloadAssembly
Native extension for WindowsStandalone target not found
Refreshing native plugins compatible for Editor in 0.33 ms, found 2 plugins.
Preloading 0 native plugins for Editor in 0.00 ms.
Mono: successfully reloaded assembly
- Completed reload, in  0.807 seconds
Platform modules already initialized, skipping
Refreshing native plugins compatible for Editor in 0.32 ms, found 2 plugins.
Preloading 0 native plugins for Editor in 0.00 ms.
Unloading 1568 Unused Serialized files (Serialized files now loaded: 0)
System memory in use before: 86.7 MB.
System memory in use after: 86.8 MB.

Unloading 15 unused Assets to reduce memory usage. Loaded Objects now: 2080.
Total: 1.859000 ms (FindLiveObjects: 0.173400 ms CreateObjectMapping: 0.033200 ms MarkObjects: 1.577600 ms  DeleteObjects: 0.073500 ms)

========================================================================
Received Import Request.
  Time since last request: 3330.407114 seconds.
  path: Assets/Script/ActorCon.cs
  artifactKey: Guid(4a24b041a1eef1d48ab7494ac6fb62fe) Importer(815301076,1909f56bfc062723c751e8b465ee728b)
Start importing Assets/Script/ActorCon.cs using Guid(4a24b041a1eef1d48ab7494ac6fb62fe) Importer(815301076,1909f56bfc062723c751e8b465ee728b)  -> (artifact id: 'fdff2ac857623f767b099dcf41853e74') in 0.080178 seconds
  Import took 0.083111 seconds .

========================================================================
Received Import Request.
  Time since last request: 16.068082 seconds.
  path: Assets/Script/PlayerCon.cs
  artifactKey: Guid(0e3430e597e924548b25b6f593feef36) Importer(815301076,1909f56bfc062723c751e8b465ee728b)
Start importing Assets/Script/PlayerCon.cs using Guid(0e3430e597e924548b25b6f593feef36) Importer(815301076,1909f56bfc062723c751e8b465ee728b)  -> (artifact id: '3404990bd14deaf4a4dfcb0677937186') in 0.100272 seconds
  Import took 0.102707 seconds .

========================================================================
Received Import Request.
  Time since last request: 261.558962 seconds.
  path: Assets/Script/PlayerCon.cs
  artifactKey: Guid(0e3430e597e924548b25b6f593feef36) Importer(815301076,1909f56bfc062723c751e8b465ee728b)
Start importing Assets/Script/PlayerCon.cs using Guid(0e3430e597e924548b25b6f593feef36) Importer(815301076,1909f56bfc062723c751e8b465ee728b)  -> (artifact id: 'e985cc6c6b530b8aafd5ce3cc13f0f92') in 0.072833 seconds
  Import took 0.076166 seconds .

========================================================================
Received Import Request.
  Time since last request: 43.191383 seconds.
  path: Assets/Script/ActorCon.cs
  artifactKey: Guid(4a24b041a1eef1d48ab7494ac6fb62fe) Importer(815301076,1909f56bfc062723c751e8b465ee728b)
Start importing Assets/Script/ActorCon.cs using Guid(4a24b041a1eef1d48ab7494ac6fb62fe) Importer(815301076,1909f56bfc062723c751e8b465ee728b)  -> (artifact id: 'c4a8e493d4b5157d321ca1e89f4880ab') in 0.104186 seconds
  Import took 0.108110 seconds .

========================================================================
Received Prepare
Registering precompiled user dll's ...
Registered in 0.003225 seconds.
Begin MonoManager ReloadAssembly
Native extension for WindowsStandalone target not found
Refreshing native plugins compatible for Editor in 0.33 ms, found 2 plugins.
Preloading 0 native plugins for Editor in 0.00 ms.
Mono: successfully reloaded assembly
- Completed reload, in  0.812 seconds
Platform modules already initialized, skipping
Refreshing native plugins compatible for Editor in 0.33 ms, found 2 plugins.
Preloading 0 native plugins for Editor in 0.00 ms.
Unloading 1568 Unused Serialized files (Serialized files now loaded: 0)
System memory in use before: 86.7 MB.
System memory in use after: 86.8 MB.

Unloading 15 unused Assets to reduce memory usage. Loaded Objects now: 2083.
Total: 2.420800 ms (FindLiveObjects: 0.222200 ms CreateObjectMapping: 0.066800 ms MarkObjects: 2.060000 ms  DeleteObjects: 0.070300 ms)

========================================================================
Received Prepare
Registering precompiled user dll's ...
Registered in 0.004219 seconds.
Begin MonoManager ReloadAssembly
Native extension for WindowsStandalone target not found
Refreshing native plugins compatible for Editor in 0.32 ms, found 2 plugins.
Preloading 0 native plugins for Editor in 0.00 ms.
Mono: successfully reloaded assembly
- Completed reload, in  0.815 seconds
Platform modules already initialized, skipping
Refreshing native plugins compatible for Editor in 0.33 ms, found 2 plugins.
Preloading 0 native plugins for Editor in 0.00 ms.
Unloading 1568 Unused Serialized files (Serialized files now loaded: 0)
System memory in use before: 86.7 MB.
System memory in use after: 86.8 MB.

Unloading 15 unused Assets to reduce memory usage. Loaded Objects now: 2086.
Total: 2.270200 ms (FindLiveObjects: 0.185500 ms CreateObjectMapping: 0.034600 ms MarkObjects: 1.972800 ms  DeleteObjects: 0.075700 ms)

========================================================================
Received Prepare
Registering precompiled user dll's ...
Registered in 0.003215 seconds.
Begin MonoManager ReloadAssembly
Native extension for WindowsStandalone target not found
Refreshing native plugins compatible for Editor in 0.34 ms, found 2 plugins.
Preloading 0 native plugins for Editor in 0.00 ms.
Mono: successfully reloaded assembly
- Completed reload, in  0.795 seconds
Platform modules already initialized, skipping
Refreshing native plugins compatible for Editor in 0.32 ms, found 2 plugins.
Preloading 0 native plugins for Editor in 0.00 ms.
Unloading 1568 Unused Serialized files (Serialized files now loaded: 0)
System memory in use before: 86.7 MB.
System memory in use after: 86.8 MB.

Unloading 15 unused Assets to reduce memory usage. Loaded Objects now: 2089.
Total: 2.256600 ms (FindLiveObjects: 0.174300 ms CreateObjectMapping: 0.034900 ms MarkObjects: 1.979500 ms  DeleteObjects: 0.066600 ms)

========================================================================
Received Prepare
Registering precompiled user dll's ...
Registered in 0.003710 seconds.
Begin MonoManager ReloadAssembly
Native extension for WindowsStandalone target not found
Refreshing native plugins compatible for Editor in 0.33 ms, found 2 plugins.
Preloading 0 native plugins for Editor in 0.00 ms.
Mono: successfully reloaded assembly
- Completed reload, in  0.785 seconds
Platform modules already initialized, skipping
Refreshing native plugins compatible for Editor in 0.33 ms, found 2 plugins.
Preloading 0 native plugins for Editor in 0.00 ms.
Unloading 1568 Unused Serialized files (Serialized files now loaded: 0)
System memory in use before: 86.7 MB.
System memory in use after: 86.8 MB.

Unloading 15 unused Assets to reduce memory usage. Loaded Objects now: 2092.
Total: 2.660600 ms (FindLiveObjects: 0.227700 ms CreateObjectMapping: 0.068500 ms MarkObjects: 2.294800 ms  DeleteObjects: 0.068000 ms)

========================================================================
Received Prepare
Refreshing native plugins compatible for Editor in 2.12 ms, found 2 plugins.
Preloading 0 native plugins for Editor in 0.00 ms.
Unloading 12 Unused Serialized files (Serialized files now loaded: 0)
System memory in use before: 55.9 MB.
System memory in use after: 55.9 MB.

Unloading 12 unused Assets to reduce memory usage. Loaded Objects now: 2092.
Total: 1.887900 ms (FindLiveObjects: 0.181100 ms CreateObjectMapping: 0.035900 ms MarkObjects: 1.605300 ms  DeleteObjects: 0.064500 ms)

========================================================================
Received Prepare
Registering precompiled user dll's ...
Registered in 0.003703 seconds.
Begin MonoManager ReloadAssembly
Native extension for WindowsStandalone target not found
Refreshing native plugins compatible for Editor in 0.33 ms, found 2 plugins.
Preloading 0 native plugins for Editor in 0.00 ms.
Mono: successfully reloaded assembly
- Completed reload, in  0.797 seconds
Platform modules already initialized, skipping
Refreshing native plugins compatible for Editor in 0.33 ms, found 2 plugins.
Preloading 0 native plugins for Editor in 0.00 ms.
Unloading 1568 Unused Serialized files (Serialized files now loaded: 0)
System memory in use before: 86.9 MB.
System memory in use after: 87.0 MB.

Unloading 15 unused Assets to reduce memory usage. Loaded Objects now: 2095.
Total: 1.816500 ms (FindLiveObjects: 0.170900 ms CreateObjectMapping: 0.044800 ms MarkObjects: 1.530800 ms  DeleteObjects: 0.068200 ms)

========================================================================
Received Prepare
Refreshing native plugins compatible for Editor in 1.97 ms, found 2 plugins.
Preloading 0 native plugins for Editor in 0.00 ms.
Unloading 12 Unused Serialized files (Serialized files now loaded: 0)
System memory in use before: 56.0 MB.
System memory in use after: 56.1 MB.

Unloading 12 unused Assets to reduce memory usage. Loaded Objects now: 2095.
Total: 2.371100 ms (FindLiveObjects: 0.174200 ms CreateObjectMapping: 0.040900 ms MarkObjects: 2.091500 ms  DeleteObjects: 0.063800 ms)

========================================================================
Received Prepare
Refreshing native plugins compatible for Editor in 1.82 ms, found 2 plugins.
Preloading 0 native plugins for Editor in 0.00 ms.
Unloading 12 Unused Serialized files (Serialized files now loaded: 0)
System memory in use before: 56.0 MB.
System memory in use after: 56.1 MB.

Unloading 12 unused Assets to reduce memory usage. Loaded Objects now: 2095.
Total: 1.813500 ms (FindLiveObjects: 0.165800 ms CreateObjectMapping: 0.033700 ms MarkObjects: 1.552900 ms  DeleteObjects: 0.060300 ms)

========================================================================
Received Prepare
Refreshing native plugins compatible for Editor in 1.83 ms, found 2 plugins.
Preloading 0 native plugins for Editor in 0.00 ms.
Unloading 12 Unused Serialized files (Serialized files now loaded: 0)
System memory in use before: 56.0 MB.
System memory in use after: 56.1 MB.

Unloading 12 unused Assets to reduce memory usage. Loaded Objects now: 2095.
Total: 1.748000 ms (FindLiveObjects: 0.172300 ms CreateObjectMapping: 0.033900 ms MarkObjects: 1.460800 ms  DeleteObjects: 0.080100 ms)

========================================================================
Received Prepare
Registering precompiled user dll's ...
Registered in 0.003255 seconds.
Begin MonoManager ReloadAssembly
Native extension for WindowsStandalone target not found
Refreshing native plugins compatible for Editor in 0.33 ms, found 2 plugins.
Preloading 0 native plugins for Editor in 0.00 ms.
Mono: successfully reloaded assembly
- Completed reload, in  0.784 seconds
Platform modules already initialized, skipping
Refreshing native plugins compatible for Editor in 0.49 ms, found 2 plugins.
Preloading 0 native plugins for Editor in 0.00 ms.
Unloading 1568 Unused Serialized files (Serialized files now loaded: 0)
System memory in use before: 86.9 MB.
System memory in use after: 87.0 MB.

Unloading 15 unused Assets to reduce memory usage. Loaded Objects now: 2098.
Total: 2.220500 ms (FindLiveObjects: 0.221200 ms CreateObjectMapping: 0.066300 ms MarkObjects: 1.866500 ms  DeleteObjects: 0.065100 ms)

AssetImportWorkerClient::OnTransportError - code=2 error=End of file
